2025-04-21 03:23:48,473 INFO:main.py:240:print_splash_screen:PDB2PQR v3.6.1: biomolecular structure conversion software.
2025-04-21 03:23:48,473 INFO:main.py:242:print_splash_screen:Please cite:  Jurrus E, et al.  Improvements to the APBS biomolecular solvation software suite.  Protein Sci 27 112-128 (2018).
2025-04-21 03:23:48,473 INFO:main.py:242:print_splash_screen:Please cite:  Dolinsky TJ, et al.  PDB2PQR: expanding and upgrading automated preparation of biomolecular structures for molecular simulations. Nucleic Acids Res 35 W522-W525 (2007).
2025-04-21 03:23:48,473 INFO:main.py:759:main_driver:Checking and transforming input arguments.
2025-04-21 03:23:48,474 INFO:main.py:763:main_driver:Loading topology files.
2025-04-21 03:23:48,542 INFO:main.py:765:main_driver:Loading molecule: protein_structures/protein_2zq2.pdb
2025-04-21 03:23:48,543 ERROR:pdb.py:2584:read_pdb:Error parsing line: invalid literal for int() with base 10: ''
2025-04-21 03:23:48,543 ERROR:pdb.py:2585:read_pdb:<REMARK     2>
2025-04-21 03:23:48,543 ERROR:pdb.py:2586:read_pdb:Truncating remaining errors for record type:REMARK
2025-04-21 03:23:48,552 WARNING:io.py:467:get_molecule:Warning: protein_structures/protein_2zq2.pdb is a non-standard PDB file.

2025-04-21 03:23:48,552 ERROR:io.py:468:get_molecule:['REMARK']
2025-04-21 03:23:48,552 INFO:main.py:770:main_driver:Setting up molecule.
2025-04-21 03:23:48,562 INFO:main.py:408:setup_molecule:Created biomolecule object with 223 residues and 1625 atoms.
2025-04-21 03:23:48,562 WARNING:main.py:418:setup_molecule:Multiple occupancies found: N in SER A 61.
2025-04-21 03:23:48,563 WARNING:main.py:418:setup_molecule:Multiple occupancies found: CA in SER A 61.
2025-04-21 03:23:48,563 WARNING:main.py:418:setup_molecule:Multiple occupancies found: C in SER A 61.
2025-04-21 03:23:48,563 WARNING:main.py:418:setup_molecule:Multiple occupancies found: O in SER A 61.
2025-04-21 03:23:48,563 WARNING:main.py:418:setup_molecule:Multiple occupancies found: CB in SER A 61.
2025-04-21 03:23:48,563 WARNING:main.py:418:setup_molecule:Multiple occupancies found: OG in SER A 61.
2025-04-21 03:23:48,563 WARNING:main.py:424:setup_molecule:Multiple occupancies found in SER A 61. At least one of the instances is being ignored.
2025-04-21 03:23:48,563 WARNING:main.py:418:setup_molecule:Multiple occupancies found: N in SER A 113.
2025-04-21 03:23:48,563 WARNING:main.py:418:setup_molecule:Multiple occupancies found: CA in SER A 113.
2025-04-21 03:23:48,563 WARNING:main.py:418:setup_molecule:Multiple occupancies found: C in SER A 113.
2025-04-21 03:23:48,563 WARNING:main.py:418:setup_molecule:Multiple occupancies found: O in SER A 113.
2025-04-21 03:23:48,563 WARNING:main.py:418:setup_molecule:Multiple occupancies found: CB in SER A 113.
2025-04-21 03:23:48,563 WARNING:main.py:418:setup_molecule:Multiple occupancies found: OG in SER A 113.
2025-04-21 03:23:48,563 WARNING:main.py:424:setup_molecule:Multiple occupancies found in SER A 113. At least one of the instances is being ignored.
2025-04-21 03:23:48,563 WARNING:main.py:418:setup_molecule:Multiple occupancies found: N in SER A 122.
2025-04-21 03:23:48,563 WARNING:main.py:418:setup_molecule:Multiple occupancies found: CA in SER A 122.
2025-04-21 03:23:48,563 WARNING:main.py:418:setup_molecule:Multiple occupancies found: C in SER A 122.
2025-04-21 03:23:48,563 WARNING:main.py:418:setup_molecule:Multiple occupancies found: O in SER A 122.
2025-04-21 03:23:48,563 WARNING:main.py:418:setup_molecule:Multiple occupancies found: CB in SER A 122.
2025-04-21 03:23:48,563 WARNING:main.py:418:setup_molecule:Multiple occupancies found: OG in SER A 122.
2025-04-21 03:23:48,563 WARNING:main.py:424:setup_molecule:Multiple occupancies found in SER A 122. At least one of the instances is being ignored.
2025-04-21 03:23:48,563 WARNING:main.py:418:setup_molecule:Multiple occupancies found: N in SER A 167.
2025-04-21 03:23:48,563 WARNING:main.py:418:setup_molecule:Multiple occupancies found: CA in SER A 167.
2025-04-21 03:23:48,563 WARNING:main.py:418:setup_molecule:Multiple occupancies found: C in SER A 167.
2025-04-21 03:23:48,563 WARNING:main.py:418:setup_molecule:Multiple occupancies found: O in SER A 167.
2025-04-21 03:23:48,564 WARNING:main.py:418:setup_molecule:Multiple occupancies found: CB in SER A 167.
2025-04-21 03:23:48,564 WARNING:main.py:418:setup_molecule:Multiple occupancies found: OG in SER A 167.
2025-04-21 03:23:48,564 WARNING:main.py:424:setup_molecule:Multiple occupancies found in SER A 167. At least one of the instances is being ignored.
2025-04-21 03:23:48,564 WARNING:main.py:418:setup_molecule:Multiple occupancies found: N in SER A 170.
2025-04-21 03:23:48,564 WARNING:main.py:418:setup_molecule:Multiple occupancies found: CA in SER A 170.
2025-04-21 03:23:48,564 WARNING:main.py:418:setup_molecule:Multiple occupancies found: C in SER A 170.
2025-04-21 03:23:48,564 WARNING:main.py:418:setup_molecule:Multiple occupancies found: O in SER A 170.
2025-04-21 03:23:48,564 WARNING:main.py:418:setup_molecule:Multiple occupancies found: CB in SER A 170.
2025-04-21 03:23:48,564 WARNING:main.py:418:setup_molecule:Multiple occupancies found: OG in SER A 170.
2025-04-21 03:23:48,564 WARNING:main.py:424:setup_molecule:Multiple occupancies found in SER A 170. At least one of the instances is being ignored.
2025-04-21 03:23:48,564 WARNING:main.py:418:setup_molecule:Multiple occupancies found: N in SER A 236.
2025-04-21 03:23:48,564 WARNING:main.py:418:setup_molecule:Multiple occupancies found: CA in SER A 236.
2025-04-21 03:23:48,564 WARNING:main.py:418:setup_molecule:Multiple occupancies found: C in SER A 236.
2025-04-21 03:23:48,564 WARNING:main.py:418:setup_molecule:Multiple occupancies found: O in SER A 236.
2025-04-21 03:23:48,564 WARNING:main.py:418:setup_molecule:Multiple occupancies found: CB in SER A 236.
2025-04-21 03:23:48,564 WARNING:main.py:418:setup_molecule:Multiple occupancies found: OG in SER A 236.
2025-04-21 03:23:48,564 WARNING:main.py:424:setup_molecule:Multiple occupancies found in SER A 236. At least one of the instances is being ignored.
2025-04-21 03:23:48,564 WARNING:main.py:418:setup_molecule:Multiple occupancies found: N in GLN A 240.
2025-04-21 03:23:48,564 WARNING:main.py:418:setup_molecule:Multiple occupancies found: CA in GLN A 240.
2025-04-21 03:23:48,564 WARNING:main.py:418:setup_molecule:Multiple occupancies found: C in GLN A 240.
2025-04-21 03:23:48,564 WARNING:main.py:418:setup_molecule:Multiple occupancies found: O in GLN A 240.
2025-04-21 03:23:48,564 WARNING:main.py:418:setup_molecule:Multiple occupancies found: CB in GLN A 240.
2025-04-21 03:23:48,564 WARNING:main.py:418:setup_molecule:Multiple occupancies found: CG in GLN A 240.
2025-04-21 03:23:48,564 WARNING:main.py:418:setup_molecule:Multiple occupancies found: CD in GLN A 240.
2025-04-21 03:23:48,564 WARNING:main.py:418:setup_molecule:Multiple occupancies found: OE1 in GLN A 240.
2025-04-21 03:23:48,564 WARNING:main.py:418:setup_molecule:Multiple occupancies found: NE2 in GLN A 240.
2025-04-21 03:23:48,564 WARNING:main.py:424:setup_molecule:Multiple occupancies found in GLN A 240. At least one of the instances is being ignored.
2025-04-21 03:23:48,564 INFO:main.py:774:main_driver:Setting termini states for biomolecule chains.
2025-04-21 03:23:48,570 INFO:main.py:604:non_trivial:Loading forcefield.
2025-04-21 03:23:48,583 INFO:main.py:608:non_trivial:Loading hydrogen topology definitions.
2025-04-21 03:23:48,586 WARNING:biomolecule.py:157:num_missing_heavy:Missing atom CG in residue LYS A 222
2025-04-21 03:23:48,586 WARNING:biomolecule.py:157:num_missing_heavy:Missing atom CD in residue LYS A 222
2025-04-21 03:23:48,586 WARNING:biomolecule.py:157:num_missing_heavy:Missing atom CE in residue LYS A 222
2025-04-21 03:23:48,587 WARNING:biomolecule.py:157:num_missing_heavy:Missing atom NZ in residue LYS A 222
2025-04-21 03:23:48,588 WARNING:biomolecule.py:157:num_missing_heavy:Missing atom CG in residue LYS A 222
2025-04-21 03:23:48,588 WARNING:biomolecule.py:157:num_missing_heavy:Missing atom CD in residue LYS A 222
2025-04-21 03:23:48,588 WARNING:biomolecule.py:157:num_missing_heavy:Missing atom CE in residue LYS A 222
2025-04-21 03:23:48,588 WARNING:biomolecule.py:157:num_missing_heavy:Missing atom NZ in residue LYS A 222
2025-04-21 03:23:48,588 INFO:main.py:618:non_trivial:Attempting to repair 4 missing atoms in biomolecule.
2025-04-21 03:23:48,589 WARNING:biomolecule.py:157:num_missing_heavy:Missing atom CG in residue LYS A 222
2025-04-21 03:23:48,589 WARNING:biomolecule.py:157:num_missing_heavy:Missing atom CD in residue LYS A 222
2025-04-21 03:23:48,589 WARNING:biomolecule.py:157:num_missing_heavy:Missing atom CE in residue LYS A 222
2025-04-21 03:23:48,589 WARNING:biomolecule.py:157:num_missing_heavy:Missing atom NZ in residue LYS A 222
2025-04-21 03:23:48,590 INFO:biomolecule.py:1077:repair_heavy:Added atom CG to residue LYS A 222 at coordinates 30.628, -3.449, -0.010
2025-04-21 03:23:48,591 INFO:biomolecule.py:1077:repair_heavy:Added atom CD to residue LYS A 222 at coordinates 32.074, -3.541, -0.453
2025-04-21 03:23:48,591 INFO:biomolecule.py:1077:repair_heavy:Added atom CE to residue LYS A 222 at coordinates 32.755, -2.198, -0.512
2025-04-21 03:23:48,591 INFO:biomolecule.py:1077:repair_heavy:Added atom NZ to residue LYS A 222 at coordinates 34.167, -2.339, -0.950
2025-04-21 03:23:48,591 INFO:main.py:623:non_trivial:Updating disulfide bridges.
2025-04-21 03:23:48,594 INFO:main.py:626:non_trivial:Debumping biomolecule.
2025-04-21 03:23:48,656 INFO:main.py:649:non_trivial:Adding hydrogens to biomolecule.
2025-04-21 03:23:48,923 INFO:main.py:652:non_trivial:Debumping biomolecule (again).
2025-04-21 03:23:49,164 INFO:main.py:654:non_trivial:Optimizing hydrogen bonds
2025-04-21 03:23:49,956 INFO:main.py:666:non_trivial:Applying force field to biomolecule states.
2025-04-21 03:23:49,960 INFO:main.py:713:non_trivial:Regenerating headers.
2025-04-21 03:23:49,961 INFO:main.py:738:non_trivial:Regenerating PDB lines.
2025-04-21 03:23:49,983 WARNING:main.py:311:print_pqr:Ignoring 390 header lines in output.
2025-04-21 03:23:50,018 WARNING:main.py:354:print_pdb:Ignoring 390 header lines in output.
